Copyright 1986-2022 Xilinx, Inc. All Rights Reserved.
------------------------------------------------------------------------------------------------------------------------------------------------------------------------------------------------------------------
| Tool Version : Vivado v.2022.1 (win64) Build 3526262 Mon Apr 18 15:48:16 MDT 2022
| Date         : Fri Nov  4 17:03:12 2022
| Host         : DESKTOP-SAB7C30 running 64-bit major release  (build 9200)
| Command      : report_timing_summary -max_paths 10 -report_unconstrained -file circuit_timing_summary_routed.rpt -pb circuit_timing_summary_routed.pb -rpx circuit_timing_summary_routed.rpx -warn_on_violation
| Design       : circuit
| Device       : 7a35t-cpg236
| Speed File   : -1  PRODUCTION 1.23 2018-06-13
------------------------------------------------------------------------------------------------------------------------------------------------------------------------------------------------------------------

Timing Summary Report

------------------------------------------------------------------------------------------------
| Timer Settings
| --------------
------------------------------------------------------------------------------------------------

  Enable Multi Corner Analysis               :  Yes
  Enable Pessimism Removal                   :  Yes
  Pessimism Removal Resolution               :  Nearest Common Node
  Enable Input Delay Default Clock           :  No
  Enable Preset / Clear Arcs                 :  No
  Disable Flight Delays                      :  No
  Ignore I/O Paths                           :  No
  Timing Early Launch at Borrowing Latches   :  No
  Borrow Time for Max Delay Exceptions       :  Yes
  Merge Timing Exceptions                    :  Yes

  Corner  Analyze    Analyze    
  Name    Max Paths  Min Paths  
  ------  ---------  ---------  
  Slow    Yes        Yes        
  Fast    Yes        Yes        


------------------------------------------------------------------------------------------------
| Report Methodology
| ------------------
------------------------------------------------------------------------------------------------

Rule       Severity          Description                  Violations  
---------  ----------------  ---------------------------  ----------  
TIMING-17  Critical Warning  Non-clocked sequential cell  1000        

Note: This report is based on the most recent report_methodology run and may not be up-to-date. Run report_methodology on the current design for the latest report.



check_timing report

Table of Contents
-----------------
1. checking no_clock (1186)
2. checking constant_clock (0)
3. checking pulse_width_clock (0)
4. checking unconstrained_internal_endpoints (6377)
5. checking no_input_delay (2)
6. checking no_output_delay (41)
7. checking multiple_clock (0)
8. checking generated_clocks (0)
9. checking loops (0)
10. checking partial_input_delay (0)
11. checking partial_output_delay (0)
12. checking latch_loops (0)

1. checking no_clock (1186)
---------------------------
 There are 1186 register/latch pins with no clock driven by root clock pin: clk (HIGH)


2. checking constant_clock (0)
------------------------------
 There are 0 register/latch pins with constant_clock.


3. checking pulse_width_clock (0)
---------------------------------
 There are 0 register/latch pins which need pulse_width check


4. checking unconstrained_internal_endpoints (6377)
---------------------------------------------------
 There are 6377 pins that are not constrained for maximum delay. (HIGH)

 There are 0 pins that are not constrained for maximum delay due to constant clock.


5. checking no_input_delay (2)
------------------------------
 There are 2 input ports with no input delay specified. (HIGH)

 There are 0 input ports with no input delay but user has a false path constraint.


6. checking no_output_delay (41)
--------------------------------
 There are 41 ports with no output delay specified. (HIGH)

 There are 0 ports with no output delay but user has a false path constraint

 There are 0 ports with no output delay but with a timing clock defined on it or propagating through it


7. checking multiple_clock (0)
------------------------------
 There are 0 register/latch pins with multiple clocks.


8. checking generated_clocks (0)
--------------------------------
 There are 0 generated clocks that are not connected to a clock source.


9. checking loops (0)
---------------------
 There are 0 combinational loops in the design.


10. checking partial_input_delay (0)
------------------------------------
 There are 0 input ports with partial input delay specified.


11. checking partial_output_delay (0)
-------------------------------------
 There are 0 ports with partial output delay specified.


12. checking latch_loops (0)
----------------------------
 There are 0 combinational latch loops in the design through latch input



------------------------------------------------------------------------------------------------
| Design Timing Summary
| ---------------------
------------------------------------------------------------------------------------------------

    WNS(ns)      TNS(ns)  TNS Failing Endpoints  TNS Total Endpoints      WHS(ns)      THS(ns)  THS Failing Endpoints  THS Total Endpoints     WPWS(ns)     TPWS(ns)  TPWS Failing Endpoints  TPWS Total Endpoints  
    -------      -------  ---------------------  -------------------      -------      -------  ---------------------  -------------------     --------     --------  ----------------------  --------------------  
        inf        0.000                      0                 6418          inf        0.000                      0                 6418           NA           NA                      NA                    NA  


There are no user specified timing constraints.


------------------------------------------------------------------------------------------------
| Clock Summary
| -------------
------------------------------------------------------------------------------------------------


------------------------------------------------------------------------------------------------
| Intra Clock Table
| -----------------
------------------------------------------------------------------------------------------------

Clock             WNS(ns)      TNS(ns)  TNS Failing Endpoints  TNS Total Endpoints      WHS(ns)      THS(ns)  THS Failing Endpoints  THS Total Endpoints     WPWS(ns)     TPWS(ns)  TPWS Failing Endpoints  TPWS Total Endpoints  
-----             -------      -------  ---------------------  -------------------      -------      -------  ---------------------  -------------------     --------     --------  ----------------------  --------------------  


------------------------------------------------------------------------------------------------
| Inter Clock Table
| -----------------
------------------------------------------------------------------------------------------------

From Clock    To Clock          WNS(ns)      TNS(ns)  TNS Failing Endpoints  TNS Total Endpoints      WHS(ns)      THS(ns)  THS Failing Endpoints  THS Total Endpoints  
----------    --------          -------      -------  ---------------------  -------------------      -------      -------  ---------------------  -------------------  


------------------------------------------------------------------------------------------------
| Other Path Groups Table
| -----------------------
------------------------------------------------------------------------------------------------

Path Group    From Clock    To Clock          WNS(ns)      TNS(ns)  TNS Failing Endpoints  TNS Total Endpoints      WHS(ns)      THS(ns)  THS Failing Endpoints  THS Total Endpoints  
----------    ----------    --------          -------      -------  ---------------------  -------------------      -------      -------  ---------------------  -------------------  


------------------------------------------------------------------------------------------------
| User Ignored Path Table
| -----------------------
------------------------------------------------------------------------------------------------

Path Group    From Clock    To Clock    
----------    ----------    --------    


------------------------------------------------------------------------------------------------
| Unconstrained Path Table
| ------------------------
------------------------------------------------------------------------------------------------

Path Group    From Clock    To Clock    
----------    ----------    --------    
(none)                                    


------------------------------------------------------------------------------------------------
| Timing Details
| --------------
------------------------------------------------------------------------------------------------


--------------------------------------------------------------------------------------
Path Group:  (none)
From Clock:  
  To Clock:  

Max Delay          6418 Endpoints
Min Delay          6418 Endpoints
--------------------------------------------------------------------------------------


Max Delay Paths
--------------------------------------------------------------------------------------
Slack:                    inf
  Source:                 inst_datapath/inst_linecalc_pair2/reg_accum_reg[20]/C
                            (rising edge-triggered cell FDRE)
  Destination:            fit_error[5]
                            (output port)
  Path Group:             (none)
  Path Type:              Max at Slow Process Corner
  Data Path Delay:        19.226ns  (logic 6.365ns (33.104%)  route 12.862ns (66.896%))
  Logic Levels:           18  (CARRY4=10 FDRE=1 LUT3=2 LUT4=2 LUT5=1 LUT6=1 OBUF=1)

    Location             Delay type                Incr(ns)  Path(ns)    Netlist Resource(s)
  -------------------------------------------------------------------    -------------------
    SLICE_X11Y29         FDRE                         0.000     0.000 r  inst_datapath/inst_linecalc_pair2/reg_accum_reg[20]/C
    SLICE_X11Y29         FDRE (Prop_fdre_C_Q)         0.456     0.456 r  inst_datapath/inst_linecalc_pair2/reg_accum_reg[20]/Q
                         net (fo=6, routed)           1.935     2.391    inst_datapath/inst_linecalc_pair2/err_2[20]
    SLICE_X6Y25          LUT4 (Prop_lut4_I0_O)        0.124     2.515 r  inst_datapath/inst_linecalc_pair2/k_OBUF[1]_inst_i_18/O
                         net (fo=1, routed)           0.000     2.515    inst_datapath/inst_linecalc_pair2/k_OBUF[1]_inst_i_18_n_0
    SLICE_X6Y25          CARRY4 (Prop_carry4_S[2]_CO[3])
                                                      0.380     2.895 r  inst_datapath/inst_linecalc_pair2/k_OBUF[1]_inst_i_3/CO[3]
                         net (fo=1, routed)           0.000     2.895    inst_datapath/inst_linecalc_pair2/k_OBUF[1]_inst_i_3_n_0
    SLICE_X6Y26          CARRY4 (Prop_carry4_CI_CO[3])
                                                      0.117     3.012 r  inst_datapath/inst_linecalc_pair2/k_OBUF[1]_inst_i_2/CO[3]
                         net (fo=98, routed)          2.553     5.565    inst_datapath/inst_linecalc_pair2/CO[0]
    SLICE_X6Y22          LUT3 (Prop_lut3_I2_O)        0.148     5.713 f  inst_datapath/inst_linecalc_pair2/k_OBUF[3]_inst_i_117/O
                         net (fo=1, routed)           0.469     6.183    inst_datapath/inst_linecalc_pair4/quart_1[1]
    SLICE_X6Y22          LUT6 (Prop_lut6_I4_O)        0.328     6.511 r  inst_datapath/inst_linecalc_pair4/k_OBUF[3]_inst_i_93/O
                         net (fo=1, routed)           0.525     7.036    inst_datapath/inst_linecalc_pair4/k_OBUF[3]_inst_i_93_n_0
    SLICE_X5Y25          CARRY4 (Prop_carry4_DI[0]_CO[3])
                                                      0.526     7.562 r  inst_datapath/inst_linecalc_pair4/k_OBUF[3]_inst_i_61/CO[3]
                         net (fo=1, routed)           0.000     7.562    inst_datapath/inst_linecalc_pair4/k_OBUF[3]_inst_i_61_n_0
    SLICE_X5Y26          CARRY4 (Prop_carry4_CI_CO[3])
                                                      0.114     7.676 r  inst_datapath/inst_linecalc_pair4/k_OBUF[3]_inst_i_31/CO[3]
                         net (fo=1, routed)           0.000     7.676    inst_datapath/inst_linecalc_pair4/k_OBUF[3]_inst_i_31_n_0
    SLICE_X5Y27          CARRY4 (Prop_carry4_CI_CO[3])
                                                      0.114     7.790 r  inst_datapath/inst_linecalc_pair4/k_OBUF[3]_inst_i_13/CO[3]
                         net (fo=1, routed)           0.000     7.790    inst_datapath/inst_linecalc_pair4/k_OBUF[3]_inst_i_13_n_0
    SLICE_X5Y28          CARRY4 (Prop_carry4_CI_CO[3])
                                                      0.114     7.904 r  inst_datapath/inst_linecalc_pair4/k_OBUF[3]_inst_i_3/CO[3]
                         net (fo=36, routed)          2.029     9.933    inst_datapath/inst_linecalc_pair2/fit_error_OBUF[31]_inst_i_1[0]
    SLICE_X5Y24          LUT5 (Prop_lut5_I4_O)        0.124    10.057 r  inst_datapath/inst_linecalc_pair2/fit_error_OBUF[5]_inst_i_2/O
                         net (fo=3, routed)           1.366    11.423    inst_datapath/inst_linecalc_pair6/semi_1[5]
    SLICE_X3Y18          LUT4 (Prop_lut4_I3_O)        0.124    11.547 r  inst_datapath/inst_linecalc_pair6/fit_error_OBUF[31]_inst_i_39/O
                         net (fo=1, routed)           0.000    11.547    inst_datapath/inst_linecalc_pair6/fit_error_OBUF[31]_inst_i_39_n_0
    SLICE_X3Y18          CARRY4 (Prop_carry4_S[2]_CO[3])
                                                      0.398    11.945 r  inst_datapath/inst_linecalc_pair6/fit_error_OBUF[31]_inst_i_25/CO[3]
                         net (fo=1, routed)           0.000    11.945    inst_datapath/inst_linecalc_pair6/fit_error_OBUF[31]_inst_i_25_n_0
    SLICE_X3Y19          CARRY4 (Prop_carry4_CI_CO[3])
                                                      0.114    12.059 r  inst_datapath/inst_linecalc_pair6/fit_error_OBUF[31]_inst_i_16/CO[3]
                         net (fo=1, routed)           0.000    12.059    inst_datapath/inst_linecalc_pair6/fit_error_OBUF[31]_inst_i_16_n_0
    SLICE_X3Y20          CARRY4 (Prop_carry4_CI_CO[3])
                                                      0.114    12.173 r  inst_datapath/inst_linecalc_pair6/fit_error_OBUF[31]_inst_i_7/CO[3]
                         net (fo=1, routed)           0.000    12.173    inst_datapath/inst_linecalc_pair6/fit_error_OBUF[31]_inst_i_7_n_0
    SLICE_X3Y21          CARRY4 (Prop_carry4_CI_CO[3])
                                                      0.114    12.287 r  inst_datapath/inst_linecalc_pair6/fit_error_OBUF[31]_inst_i_4/CO[3]
                         net (fo=40, routed)          1.925    14.212    inst_datapath/inst_linecalc_pair6/fit_error_OBUF[31]_inst_i_15_0[0]
    SLICE_X3Y16          LUT3 (Prop_lut3_I2_O)        0.154    14.366 r  inst_datapath/inst_linecalc_pair6/fit_error_OBUF[5]_inst_i_1/O
                         net (fo=1, routed)           2.058    16.425    fit_error_OBUF[5]
    W15                  OBUF (Prop_obuf_I_O)         2.802    19.226 r  fit_error_OBUF[5]_inst/O
                         net (fo=0)                   0.000    19.226    fit_error[5]
    W15                                                               r  fit_error[5] (OUT)
  -------------------------------------------------------------------    -------------------

Slack:                    inf
  Source:                 inst_datapath/inst_linecalc_pair2/reg_accum_reg[20]/C
                            (rising edge-triggered cell FDRE)
  Destination:            fit_error[1]
                            (output port)
  Path Group:             (none)
  Path Type:              Max at Slow Process Corner
  Data Path Delay:        19.103ns  (logic 6.361ns (33.297%)  route 12.743ns (66.703%))
  Logic Levels:           18  (CARRY4=10 FDRE=1 LUT3=2 LUT4=2 LUT5=1 LUT6=1 OBUF=1)

    Location             Delay type                Incr(ns)  Path(ns)    Netlist Resource(s)
  -------------------------------------------------------------------    -------------------
    SLICE_X11Y29         FDRE                         0.000     0.000 r  inst_datapath/inst_linecalc_pair2/reg_accum_reg[20]/C
    SLICE_X11Y29         FDRE (Prop_fdre_C_Q)         0.456     0.456 r  inst_datapath/inst_linecalc_pair2/reg_accum_reg[20]/Q
                         net (fo=6, routed)           1.935     2.391    inst_datapath/inst_linecalc_pair2/err_2[20]
    SLICE_X6Y25          LUT4 (Prop_lut4_I0_O)        0.124     2.515 r  inst_datapath/inst_linecalc_pair2/k_OBUF[1]_inst_i_18/O
                         net (fo=1, routed)           0.000     2.515    inst_datapath/inst_linecalc_pair2/k_OBUF[1]_inst_i_18_n_0
    SLICE_X6Y25          CARRY4 (Prop_carry4_S[2]_CO[3])
                                                      0.380     2.895 r  inst_datapath/inst_linecalc_pair2/k_OBUF[1]_inst_i_3/CO[3]
                         net (fo=1, routed)           0.000     2.895    inst_datapath/inst_linecalc_pair2/k_OBUF[1]_inst_i_3_n_0
    SLICE_X6Y26          CARRY4 (Prop_carry4_CI_CO[3])
                                                      0.117     3.012 r  inst_datapath/inst_linecalc_pair2/k_OBUF[1]_inst_i_2/CO[3]
                         net (fo=98, routed)          2.553     5.565    inst_datapath/inst_linecalc_pair2/CO[0]
    SLICE_X6Y22          LUT3 (Prop_lut3_I2_O)        0.148     5.713 f  inst_datapath/inst_linecalc_pair2/k_OBUF[3]_inst_i_117/O
                         net (fo=1, routed)           0.469     6.183    inst_datapath/inst_linecalc_pair4/quart_1[1]
    SLICE_X6Y22          LUT6 (Prop_lut6_I4_O)        0.328     6.511 r  inst_datapath/inst_linecalc_pair4/k_OBUF[3]_inst_i_93/O
                         net (fo=1, routed)           0.525     7.036    inst_datapath/inst_linecalc_pair4/k_OBUF[3]_inst_i_93_n_0
    SLICE_X5Y25          CARRY4 (Prop_carry4_DI[0]_CO[3])
                                                      0.526     7.562 r  inst_datapath/inst_linecalc_pair4/k_OBUF[3]_inst_i_61/CO[3]
                         net (fo=1, routed)           0.000     7.562    inst_datapath/inst_linecalc_pair4/k_OBUF[3]_inst_i_61_n_0
    SLICE_X5Y26          CARRY4 (Prop_carry4_CI_CO[3])
                                                      0.114     7.676 r  inst_datapath/inst_linecalc_pair4/k_OBUF[3]_inst_i_31/CO[3]
                         net (fo=1, routed)           0.000     7.676    inst_datapath/inst_linecalc_pair4/k_OBUF[3]_inst_i_31_n_0
    SLICE_X5Y27          CARRY4 (Prop_carry4_CI_CO[3])
                                                      0.114     7.790 r  inst_datapath/inst_linecalc_pair4/k_OBUF[3]_inst_i_13/CO[3]
                         net (fo=1, routed)           0.000     7.790    inst_datapath/inst_linecalc_pair4/k_OBUF[3]_inst_i_13_n_0
    SLICE_X5Y28          CARRY4 (Prop_carry4_CI_CO[3])
                                                      0.114     7.904 r  inst_datapath/inst_linecalc_pair4/k_OBUF[3]_inst_i_3/CO[3]
                         net (fo=36, routed)          2.029     9.933    inst_datapath/inst_linecalc_pair2/fit_error_OBUF[31]_inst_i_1[0]
    SLICE_X5Y24          LUT5 (Prop_lut5_I4_O)        0.124    10.057 r  inst_datapath/inst_linecalc_pair2/fit_error_OBUF[5]_inst_i_2/O
                         net (fo=3, routed)           1.366    11.423    inst_datapath/inst_linecalc_pair6/semi_1[5]
    SLICE_X3Y18          LUT4 (Prop_lut4_I3_O)        0.124    11.547 r  inst_datapath/inst_linecalc_pair6/fit_error_OBUF[31]_inst_i_39/O
                         net (fo=1, routed)           0.000    11.547    inst_datapath/inst_linecalc_pair6/fit_error_OBUF[31]_inst_i_39_n_0
    SLICE_X3Y18          CARRY4 (Prop_carry4_S[2]_CO[3])
                                                      0.398    11.945 r  inst_datapath/inst_linecalc_pair6/fit_error_OBUF[31]_inst_i_25/CO[3]
                         net (fo=1, routed)           0.000    11.945    inst_datapath/inst_linecalc_pair6/fit_error_OBUF[31]_inst_i_25_n_0
    SLICE_X3Y19          CARRY4 (Prop_carry4_CI_CO[3])
                                                      0.114    12.059 r  inst_datapath/inst_linecalc_pair6/fit_error_OBUF[31]_inst_i_16/CO[3]
                         net (fo=1, routed)           0.000    12.059    inst_datapath/inst_linecalc_pair6/fit_error_OBUF[31]_inst_i_16_n_0
    SLICE_X3Y20          CARRY4 (Prop_carry4_CI_CO[3])
                                                      0.114    12.173 r  inst_datapath/inst_linecalc_pair6/fit_error_OBUF[31]_inst_i_7/CO[3]
                         net (fo=1, routed)           0.000    12.173    inst_datapath/inst_linecalc_pair6/fit_error_OBUF[31]_inst_i_7_n_0
    SLICE_X3Y21          CARRY4 (Prop_carry4_CI_CO[3])
                                                      0.114    12.287 r  inst_datapath/inst_linecalc_pair6/fit_error_OBUF[31]_inst_i_4/CO[3]
                         net (fo=40, routed)          1.636    13.923    inst_datapath/inst_linecalc_pair6/fit_error_OBUF[31]_inst_i_15_0[0]
    SLICE_X3Y16          LUT3 (Prop_lut3_I2_O)        0.152    14.075 r  inst_datapath/inst_linecalc_pair6/fit_error_OBUF[1]_inst_i_1/O
                         net (fo=1, routed)           2.228    16.304    fit_error_OBUF[1]
    U16                  OBUF (Prop_obuf_I_O)         2.800    19.103 r  fit_error_OBUF[1]_inst/O
                         net (fo=0)                   0.000    19.103    fit_error[1]
    U16                                                               r  fit_error[1] (OUT)
  -------------------------------------------------------------------    -------------------

Slack:                    inf
  Source:                 inst_datapath/inst_linecalc_pair2/reg_accum_reg[20]/C
                            (rising edge-triggered cell FDRE)
  Destination:            k[3]
                            (output port)
  Path Group:             (none)
  Path Type:              Max at Slow Process Corner
  Data Path Delay:        18.877ns  (logic 6.366ns (33.722%)  route 12.511ns (66.278%))
  Logic Levels:           18  (CARRY4=10 FDRE=1 LUT3=2 LUT4=2 LUT5=1 LUT6=1 OBUF=1)

    Location             Delay type                Incr(ns)  Path(ns)    Netlist Resource(s)
  -------------------------------------------------------------------    -------------------
    SLICE_X11Y29         FDRE                         0.000     0.000 r  inst_datapath/inst_linecalc_pair2/reg_accum_reg[20]/C
    SLICE_X11Y29         FDRE (Prop_fdre_C_Q)         0.456     0.456 r  inst_datapath/inst_linecalc_pair2/reg_accum_reg[20]/Q
                         net (fo=6, routed)           1.935     2.391    inst_datapath/inst_linecalc_pair2/err_2[20]
    SLICE_X6Y25          LUT4 (Prop_lut4_I0_O)        0.124     2.515 r  inst_datapath/inst_linecalc_pair2/k_OBUF[1]_inst_i_18/O
                         net (fo=1, routed)           0.000     2.515    inst_datapath/inst_linecalc_pair2/k_OBUF[1]_inst_i_18_n_0
    SLICE_X6Y25          CARRY4 (Prop_carry4_S[2]_CO[3])
                                                      0.380     2.895 r  inst_datapath/inst_linecalc_pair2/k_OBUF[1]_inst_i_3/CO[3]
                         net (fo=1, routed)           0.000     2.895    inst_datapath/inst_linecalc_pair2/k_OBUF[1]_inst_i_3_n_0
    SLICE_X6Y26          CARRY4 (Prop_carry4_CI_CO[3])
                                                      0.117     3.012 r  inst_datapath/inst_linecalc_pair2/k_OBUF[1]_inst_i_2/CO[3]
                         net (fo=98, routed)          2.553     5.565    inst_datapath/inst_linecalc_pair2/CO[0]
    SLICE_X6Y22          LUT3 (Prop_lut3_I2_O)        0.148     5.713 f  inst_datapath/inst_linecalc_pair2/k_OBUF[3]_inst_i_117/O
                         net (fo=1, routed)           0.469     6.183    inst_datapath/inst_linecalc_pair4/quart_1[1]
    SLICE_X6Y22          LUT6 (Prop_lut6_I4_O)        0.328     6.511 r  inst_datapath/inst_linecalc_pair4/k_OBUF[3]_inst_i_93/O
                         net (fo=1, routed)           0.525     7.036    inst_datapath/inst_linecalc_pair4/k_OBUF[3]_inst_i_93_n_0
    SLICE_X5Y25          CARRY4 (Prop_carry4_DI[0]_CO[3])
                                                      0.526     7.562 r  inst_datapath/inst_linecalc_pair4/k_OBUF[3]_inst_i_61/CO[3]
                         net (fo=1, routed)           0.000     7.562    inst_datapath/inst_linecalc_pair4/k_OBUF[3]_inst_i_61_n_0
    SLICE_X5Y26          CARRY4 (Prop_carry4_CI_CO[3])
                                                      0.114     7.676 r  inst_datapath/inst_linecalc_pair4/k_OBUF[3]_inst_i_31/CO[3]
                         net (fo=1, routed)           0.000     7.676    inst_datapath/inst_linecalc_pair4/k_OBUF[3]_inst_i_31_n_0
    SLICE_X5Y27          CARRY4 (Prop_carry4_CI_CO[3])
                                                      0.114     7.790 r  inst_datapath/inst_linecalc_pair4/k_OBUF[3]_inst_i_13/CO[3]
                         net (fo=1, routed)           0.000     7.790    inst_datapath/inst_linecalc_pair4/k_OBUF[3]_inst_i_13_n_0
    SLICE_X5Y28          CARRY4 (Prop_carry4_CI_CO[3])
                                                      0.114     7.904 r  inst_datapath/inst_linecalc_pair4/k_OBUF[3]_inst_i_3/CO[3]
                         net (fo=36, routed)          2.029     9.933    inst_datapath/inst_linecalc_pair2/fit_error_OBUF[31]_inst_i_1[0]
    SLICE_X5Y24          LUT5 (Prop_lut5_I4_O)        0.124    10.057 r  inst_datapath/inst_linecalc_pair2/fit_error_OBUF[5]_inst_i_2/O
                         net (fo=3, routed)           1.366    11.423    inst_datapath/inst_linecalc_pair6/semi_1[5]
    SLICE_X3Y18          LUT4 (Prop_lut4_I3_O)        0.124    11.547 r  inst_datapath/inst_linecalc_pair6/fit_error_OBUF[31]_inst_i_39/O
                         net (fo=1, routed)           0.000    11.547    inst_datapath/inst_linecalc_pair6/fit_error_OBUF[31]_inst_i_39_n_0
    SLICE_X3Y18          CARRY4 (Prop_carry4_S[2]_CO[3])
                                                      0.398    11.945 r  inst_datapath/inst_linecalc_pair6/fit_error_OBUF[31]_inst_i_25/CO[3]
                         net (fo=1, routed)           0.000    11.945    inst_datapath/inst_linecalc_pair6/fit_error_OBUF[31]_inst_i_25_n_0
    SLICE_X3Y19          CARRY4 (Prop_carry4_CI_CO[3])
                                                      0.114    12.059 r  inst_datapath/inst_linecalc_pair6/fit_error_OBUF[31]_inst_i_16/CO[3]
                         net (fo=1, routed)           0.000    12.059    inst_datapath/inst_linecalc_pair6/fit_error_OBUF[31]_inst_i_16_n_0
    SLICE_X3Y20          CARRY4 (Prop_carry4_CI_CO[3])
                                                      0.114    12.173 r  inst_datapath/inst_linecalc_pair6/fit_error_OBUF[31]_inst_i_7/CO[3]
                         net (fo=1, routed)           0.000    12.173    inst_datapath/inst_linecalc_pair6/fit_error_OBUF[31]_inst_i_7_n_0
    SLICE_X3Y21          CARRY4 (Prop_carry4_CI_CO[3])
                                                      0.114    12.287 r  inst_datapath/inst_linecalc_pair6/fit_error_OBUF[31]_inst_i_4/CO[3]
                         net (fo=40, routed)          1.907    14.195    inst_datapath/inst_linecalc_pair4/CO[0]
    SLICE_X0Y35          LUT3 (Prop_lut3_I0_O)        0.152    14.347 r  inst_datapath/inst_linecalc_pair4/k_OBUF[3]_inst_i_1/O
                         net (fo=1, routed)           1.726    16.072    k_OBUF[3]
    K19                  OBUF (Prop_obuf_I_O)         2.805    18.877 r  k_OBUF[3]_inst/O
                         net (fo=0)                   0.000    18.877    k[3]
    K19                                                               r  k[3] (OUT)
  -------------------------------------------------------------------    -------------------

Slack:                    inf
  Source:                 inst_datapath/inst_linecalc_pair2/reg_accum_reg[20]/C
                            (rising edge-triggered cell FDRE)
  Destination:            fit_error[4]
                            (output port)
  Path Group:             (none)
  Path Type:              Max at Slow Process Corner
  Data Path Delay:        18.858ns  (logic 6.140ns (32.558%)  route 12.718ns (67.442%))
  Logic Levels:           18  (CARRY4=10 FDRE=1 LUT3=2 LUT4=2 LUT5=1 LUT6=1 OBUF=1)

    Location             Delay type                Incr(ns)  Path(ns)    Netlist Resource(s)
  -------------------------------------------------------------------    -------------------
    SLICE_X11Y29         FDRE                         0.000     0.000 r  inst_datapath/inst_linecalc_pair2/reg_accum_reg[20]/C
    SLICE_X11Y29         FDRE (Prop_fdre_C_Q)         0.456     0.456 r  inst_datapath/inst_linecalc_pair2/reg_accum_reg[20]/Q
                         net (fo=6, routed)           1.935     2.391    inst_datapath/inst_linecalc_pair2/err_2[20]
    SLICE_X6Y25          LUT4 (Prop_lut4_I0_O)        0.124     2.515 r  inst_datapath/inst_linecalc_pair2/k_OBUF[1]_inst_i_18/O
                         net (fo=1, routed)           0.000     2.515    inst_datapath/inst_linecalc_pair2/k_OBUF[1]_inst_i_18_n_0
    SLICE_X6Y25          CARRY4 (Prop_carry4_S[2]_CO[3])
                                                      0.380     2.895 r  inst_datapath/inst_linecalc_pair2/k_OBUF[1]_inst_i_3/CO[3]
                         net (fo=1, routed)           0.000     2.895    inst_datapath/inst_linecalc_pair2/k_OBUF[1]_inst_i_3_n_0
    SLICE_X6Y26          CARRY4 (Prop_carry4_CI_CO[3])
                                                      0.117     3.012 r  inst_datapath/inst_linecalc_pair2/k_OBUF[1]_inst_i_2/CO[3]
                         net (fo=98, routed)          2.553     5.565    inst_datapath/inst_linecalc_pair2/CO[0]
    SLICE_X6Y22          LUT3 (Prop_lut3_I2_O)        0.148     5.713 f  inst_datapath/inst_linecalc_pair2/k_OBUF[3]_inst_i_117/O
                         net (fo=1, routed)           0.469     6.183    inst_datapath/inst_linecalc_pair4/quart_1[1]
    SLICE_X6Y22          LUT6 (Prop_lut6_I4_O)        0.328     6.511 r  inst_datapath/inst_linecalc_pair4/k_OBUF[3]_inst_i_93/O
                         net (fo=1, routed)           0.525     7.036    inst_datapath/inst_linecalc_pair4/k_OBUF[3]_inst_i_93_n_0
    SLICE_X5Y25          CARRY4 (Prop_carry4_DI[0]_CO[3])
                                                      0.526     7.562 r  inst_datapath/inst_linecalc_pair4/k_OBUF[3]_inst_i_61/CO[3]
                         net (fo=1, routed)           0.000     7.562    inst_datapath/inst_linecalc_pair4/k_OBUF[3]_inst_i_61_n_0
    SLICE_X5Y26          CARRY4 (Prop_carry4_CI_CO[3])
                                                      0.114     7.676 r  inst_datapath/inst_linecalc_pair4/k_OBUF[3]_inst_i_31/CO[3]
                         net (fo=1, routed)           0.000     7.676    inst_datapath/inst_linecalc_pair4/k_OBUF[3]_inst_i_31_n_0
    SLICE_X5Y27          CARRY4 (Prop_carry4_CI_CO[3])
                                                      0.114     7.790 r  inst_datapath/inst_linecalc_pair4/k_OBUF[3]_inst_i_13/CO[3]
                         net (fo=1, routed)           0.000     7.790    inst_datapath/inst_linecalc_pair4/k_OBUF[3]_inst_i_13_n_0
    SLICE_X5Y28          CARRY4 (Prop_carry4_CI_CO[3])
                                                      0.114     7.904 r  inst_datapath/inst_linecalc_pair4/k_OBUF[3]_inst_i_3/CO[3]
                         net (fo=36, routed)          2.029     9.933    inst_datapath/inst_linecalc_pair2/fit_error_OBUF[31]_inst_i_1[0]
    SLICE_X5Y24          LUT5 (Prop_lut5_I4_O)        0.124    10.057 r  inst_datapath/inst_linecalc_pair2/fit_error_OBUF[5]_inst_i_2/O
                         net (fo=3, routed)           1.366    11.423    inst_datapath/inst_linecalc_pair6/semi_1[5]
    SLICE_X3Y18          LUT4 (Prop_lut4_I3_O)        0.124    11.547 r  inst_datapath/inst_linecalc_pair6/fit_error_OBUF[31]_inst_i_39/O
                         net (fo=1, routed)           0.000    11.547    inst_datapath/inst_linecalc_pair6/fit_error_OBUF[31]_inst_i_39_n_0
    SLICE_X3Y18          CARRY4 (Prop_carry4_S[2]_CO[3])
                                                      0.398    11.945 r  inst_datapath/inst_linecalc_pair6/fit_error_OBUF[31]_inst_i_25/CO[3]
                         net (fo=1, routed)           0.000    11.945    inst_datapath/inst_linecalc_pair6/fit_error_OBUF[31]_inst_i_25_n_0
    SLICE_X3Y19          CARRY4 (Prop_carry4_CI_CO[3])
                                                      0.114    12.059 r  inst_datapath/inst_linecalc_pair6/fit_error_OBUF[31]_inst_i_16/CO[3]
                         net (fo=1, routed)           0.000    12.059    inst_datapath/inst_linecalc_pair6/fit_error_OBUF[31]_inst_i_16_n_0
    SLICE_X3Y20          CARRY4 (Prop_carry4_CI_CO[3])
                                                      0.114    12.173 r  inst_datapath/inst_linecalc_pair6/fit_error_OBUF[31]_inst_i_7/CO[3]
                         net (fo=1, routed)           0.000    12.173    inst_datapath/inst_linecalc_pair6/fit_error_OBUF[31]_inst_i_7_n_0
    SLICE_X3Y21          CARRY4 (Prop_carry4_CI_CO[3])
                                                      0.114    12.287 r  inst_datapath/inst_linecalc_pair6/fit_error_OBUF[31]_inst_i_4/CO[3]
                         net (fo=40, routed)          1.925    14.212    inst_datapath/inst_linecalc_pair6/fit_error_OBUF[31]_inst_i_15_0[0]
    SLICE_X3Y16          LUT3 (Prop_lut3_I2_O)        0.124    14.336 r  inst_datapath/inst_linecalc_pair6/fit_error_OBUF[4]_inst_i_1/O
                         net (fo=1, routed)           1.915    16.251    fit_error_OBUF[4]
    W13                  OBUF (Prop_obuf_I_O)         2.607    18.858 r  fit_error_OBUF[4]_inst/O
                         net (fo=0)                   0.000    18.858    fit_error[4]
    W13                                                               r  fit_error[4] (OUT)
  -------------------------------------------------------------------    -------------------

Slack:                    inf
  Source:                 inst_datapath/inst_linecalc_pair2/reg_accum_reg[20]/C
                            (rising edge-triggered cell FDRE)
  Destination:            fit_error[0]
                            (output port)
  Path Group:             (none)
  Path Type:              Max at Slow Process Corner
  Data Path Delay:        18.752ns  (logic 6.130ns (32.689%)  route 12.622ns (67.311%))
  Logic Levels:           18  (CARRY4=10 FDRE=1 LUT3=2 LUT4=2 LUT5=1 LUT6=1 OBUF=1)

    Location             Delay type                Incr(ns)  Path(ns)    Netlist Resource(s)
  -------------------------------------------------------------------    -------------------
    SLICE_X11Y29         FDRE                         0.000     0.000 r  inst_datapath/inst_linecalc_pair2/reg_accum_reg[20]/C
    SLICE_X11Y29         FDRE (Prop_fdre_C_Q)         0.456     0.456 r  inst_datapath/inst_linecalc_pair2/reg_accum_reg[20]/Q
                         net (fo=6, routed)           1.935     2.391    inst_datapath/inst_linecalc_pair2/err_2[20]
    SLICE_X6Y25          LUT4 (Prop_lut4_I0_O)        0.124     2.515 r  inst_datapath/inst_linecalc_pair2/k_OBUF[1]_inst_i_18/O
                         net (fo=1, routed)           0.000     2.515    inst_datapath/inst_linecalc_pair2/k_OBUF[1]_inst_i_18_n_0
    SLICE_X6Y25          CARRY4 (Prop_carry4_S[2]_CO[3])
                                                      0.380     2.895 r  inst_datapath/inst_linecalc_pair2/k_OBUF[1]_inst_i_3/CO[3]
                         net (fo=1, routed)           0.000     2.895    inst_datapath/inst_linecalc_pair2/k_OBUF[1]_inst_i_3_n_0
    SLICE_X6Y26          CARRY4 (Prop_carry4_CI_CO[3])
                                                      0.117     3.012 r  inst_datapath/inst_linecalc_pair2/k_OBUF[1]_inst_i_2/CO[3]
                         net (fo=98, routed)          2.553     5.565    inst_datapath/inst_linecalc_pair2/CO[0]
    SLICE_X6Y22          LUT3 (Prop_lut3_I2_O)        0.148     5.713 f  inst_datapath/inst_linecalc_pair2/k_OBUF[3]_inst_i_117/O
                         net (fo=1, routed)           0.469     6.183    inst_datapath/inst_linecalc_pair4/quart_1[1]
    SLICE_X6Y22          LUT6 (Prop_lut6_I4_O)        0.328     6.511 r  inst_datapath/inst_linecalc_pair4/k_OBUF[3]_inst_i_93/O
                         net (fo=1, routed)           0.525     7.036    inst_datapath/inst_linecalc_pair4/k_OBUF[3]_inst_i_93_n_0
    SLICE_X5Y25          CARRY4 (Prop_carry4_DI[0]_CO[3])
                                                      0.526     7.562 r  inst_datapath/inst_linecalc_pair4/k_OBUF[3]_inst_i_61/CO[3]
                         net (fo=1, routed)           0.000     7.562    inst_datapath/inst_linecalc_pair4/k_OBUF[3]_inst_i_61_n_0
    SLICE_X5Y26          CARRY4 (Prop_carry4_CI_CO[3])
                                                      0.114     7.676 r  inst_datapath/inst_linecalc_pair4/k_OBUF[3]_inst_i_31/CO[3]
                         net (fo=1, routed)           0.000     7.676    inst_datapath/inst_linecalc_pair4/k_OBUF[3]_inst_i_31_n_0
    SLICE_X5Y27          CARRY4 (Prop_carry4_CI_CO[3])
                                                      0.114     7.790 r  inst_datapath/inst_linecalc_pair4/k_OBUF[3]_inst_i_13/CO[3]
                         net (fo=1, routed)           0.000     7.790    inst_datapath/inst_linecalc_pair4/k_OBUF[3]_inst_i_13_n_0
    SLICE_X5Y28          CARRY4 (Prop_carry4_CI_CO[3])
                                                      0.114     7.904 r  inst_datapath/inst_linecalc_pair4/k_OBUF[3]_inst_i_3/CO[3]
                         net (fo=36, routed)          2.029     9.933    inst_datapath/inst_linecalc_pair2/fit_error_OBUF[31]_inst_i_1[0]
    SLICE_X5Y24          LUT5 (Prop_lut5_I4_O)        0.124    10.057 r  inst_datapath/inst_linecalc_pair2/fit_error_OBUF[5]_inst_i_2/O
                         net (fo=3, routed)           1.366    11.423    inst_datapath/inst_linecalc_pair6/semi_1[5]
    SLICE_X3Y18          LUT4 (Prop_lut4_I3_O)        0.124    11.547 r  inst_datapath/inst_linecalc_pair6/fit_error_OBUF[31]_inst_i_39/O
                         net (fo=1, routed)           0.000    11.547    inst_datapath/inst_linecalc_pair6/fit_error_OBUF[31]_inst_i_39_n_0
    SLICE_X3Y18          CARRY4 (Prop_carry4_S[2]_CO[3])
                                                      0.398    11.945 r  inst_datapath/inst_linecalc_pair6/fit_error_OBUF[31]_inst_i_25/CO[3]
                         net (fo=1, routed)           0.000    11.945    inst_datapath/inst_linecalc_pair6/fit_error_OBUF[31]_inst_i_25_n_0
    SLICE_X3Y19          CARRY4 (Prop_carry4_CI_CO[3])
                                                      0.114    12.059 r  inst_datapath/inst_linecalc_pair6/fit_error_OBUF[31]_inst_i_16/CO[3]
                         net (fo=1, routed)           0.000    12.059    inst_datapath/inst_linecalc_pair6/fit_error_OBUF[31]_inst_i_16_n_0
    SLICE_X3Y20          CARRY4 (Prop_carry4_CI_CO[3])
                                                      0.114    12.173 r  inst_datapath/inst_linecalc_pair6/fit_error_OBUF[31]_inst_i_7/CO[3]
                         net (fo=1, routed)           0.000    12.173    inst_datapath/inst_linecalc_pair6/fit_error_OBUF[31]_inst_i_7_n_0
    SLICE_X3Y21          CARRY4 (Prop_carry4_CI_CO[3])
                                                      0.114    12.287 r  inst_datapath/inst_linecalc_pair6/fit_error_OBUF[31]_inst_i_4/CO[3]
                         net (fo=40, routed)          1.636    13.923    inst_datapath/inst_linecalc_pair6/fit_error_OBUF[31]_inst_i_15_0[0]
    SLICE_X3Y16          LUT3 (Prop_lut3_I2_O)        0.124    14.047 r  inst_datapath/inst_linecalc_pair6/fit_error_OBUF[0]_inst_i_1/O
                         net (fo=1, routed)           2.108    16.155    fit_error_OBUF[0]
    V13                  OBUF (Prop_obuf_I_O)         2.597    18.752 r  fit_error_OBUF[0]_inst/O
                         net (fo=0)                   0.000    18.752    fit_error[0]
    V13                                                               r  fit_error[0] (OUT)
  -------------------------------------------------------------------    -------------------

Slack:                    inf
  Source:                 inst_datapath/inst_linecalc_pair2/reg_accum_reg[20]/C
                            (rising edge-triggered cell FDRE)
  Destination:            fit_error[3]
                            (output port)
  Path Group:             (none)
  Path Type:              Max at Slow Process Corner
  Data Path Delay:        18.728ns  (logic 6.365ns (33.984%)  route 12.363ns (66.016%))
  Logic Levels:           18  (CARRY4=10 FDRE=1 LUT3=2 LUT4=2 LUT5=1 LUT6=1 OBUF=1)

    Location             Delay type                Incr(ns)  Path(ns)    Netlist Resource(s)
  -------------------------------------------------------------------    -------------------
    SLICE_X11Y29         FDRE                         0.000     0.000 r  inst_datapath/inst_linecalc_pair2/reg_accum_reg[20]/C
    SLICE_X11Y29         FDRE (Prop_fdre_C_Q)         0.456     0.456 r  inst_datapath/inst_linecalc_pair2/reg_accum_reg[20]/Q
                         net (fo=6, routed)           1.935     2.391    inst_datapath/inst_linecalc_pair2/err_2[20]
    SLICE_X6Y25          LUT4 (Prop_lut4_I0_O)        0.124     2.515 r  inst_datapath/inst_linecalc_pair2/k_OBUF[1]_inst_i_18/O
                         net (fo=1, routed)           0.000     2.515    inst_datapath/inst_linecalc_pair2/k_OBUF[1]_inst_i_18_n_0
    SLICE_X6Y25          CARRY4 (Prop_carry4_S[2]_CO[3])
                                                      0.380     2.895 r  inst_datapath/inst_linecalc_pair2/k_OBUF[1]_inst_i_3/CO[3]
                         net (fo=1, routed)           0.000     2.895    inst_datapath/inst_linecalc_pair2/k_OBUF[1]_inst_i_3_n_0
    SLICE_X6Y26          CARRY4 (Prop_carry4_CI_CO[3])
                                                      0.117     3.012 r  inst_datapath/inst_linecalc_pair2/k_OBUF[1]_inst_i_2/CO[3]
                         net (fo=98, routed)          2.553     5.565    inst_datapath/inst_linecalc_pair2/CO[0]
    SLICE_X6Y22          LUT3 (Prop_lut3_I2_O)        0.148     5.713 f  inst_datapath/inst_linecalc_pair2/k_OBUF[3]_inst_i_117/O
                         net (fo=1, routed)           0.469     6.183    inst_datapath/inst_linecalc_pair4/quart_1[1]
    SLICE_X6Y22          LUT6 (Prop_lut6_I4_O)        0.328     6.511 r  inst_datapath/inst_linecalc_pair4/k_OBUF[3]_inst_i_93/O
                         net (fo=1, routed)           0.525     7.036    inst_datapath/inst_linecalc_pair4/k_OBUF[3]_inst_i_93_n_0
    SLICE_X5Y25          CARRY4 (Prop_carry4_DI[0]_CO[3])
                                                      0.526     7.562 r  inst_datapath/inst_linecalc_pair4/k_OBUF[3]_inst_i_61/CO[3]
                         net (fo=1, routed)           0.000     7.562    inst_datapath/inst_linecalc_pair4/k_OBUF[3]_inst_i_61_n_0
    SLICE_X5Y26          CARRY4 (Prop_carry4_CI_CO[3])
                                                      0.114     7.676 r  inst_datapath/inst_linecalc_pair4/k_OBUF[3]_inst_i_31/CO[3]
                         net (fo=1, routed)           0.000     7.676    inst_datapath/inst_linecalc_pair4/k_OBUF[3]_inst_i_31_n_0
    SLICE_X5Y27          CARRY4 (Prop_carry4_CI_CO[3])
                                                      0.114     7.790 r  inst_datapath/inst_linecalc_pair4/k_OBUF[3]_inst_i_13/CO[3]
                         net (fo=1, routed)           0.000     7.790    inst_datapath/inst_linecalc_pair4/k_OBUF[3]_inst_i_13_n_0
    SLICE_X5Y28          CARRY4 (Prop_carry4_CI_CO[3])
                                                      0.114     7.904 r  inst_datapath/inst_linecalc_pair4/k_OBUF[3]_inst_i_3/CO[3]
                         net (fo=36, routed)          2.029     9.933    inst_datapath/inst_linecalc_pair2/fit_error_OBUF[31]_inst_i_1[0]
    SLICE_X5Y24          LUT5 (Prop_lut5_I4_O)        0.124    10.057 r  inst_datapath/inst_linecalc_pair2/fit_error_OBUF[5]_inst_i_2/O
                         net (fo=3, routed)           1.366    11.423    inst_datapath/inst_linecalc_pair6/semi_1[5]
    SLICE_X3Y18          LUT4 (Prop_lut4_I3_O)        0.124    11.547 r  inst_datapath/inst_linecalc_pair6/fit_error_OBUF[31]_inst_i_39/O
                         net (fo=1, routed)           0.000    11.547    inst_datapath/inst_linecalc_pair6/fit_error_OBUF[31]_inst_i_39_n_0
    SLICE_X3Y18          CARRY4 (Prop_carry4_S[2]_CO[3])
                                                      0.398    11.945 r  inst_datapath/inst_linecalc_pair6/fit_error_OBUF[31]_inst_i_25/CO[3]
                         net (fo=1, routed)           0.000    11.945    inst_datapath/inst_linecalc_pair6/fit_error_OBUF[31]_inst_i_25_n_0
    SLICE_X3Y19          CARRY4 (Prop_carry4_CI_CO[3])
                                                      0.114    12.059 r  inst_datapath/inst_linecalc_pair6/fit_error_OBUF[31]_inst_i_16/CO[3]
                         net (fo=1, routed)           0.000    12.059    inst_datapath/inst_linecalc_pair6/fit_error_OBUF[31]_inst_i_16_n_0
    SLICE_X3Y20          CARRY4 (Prop_carry4_CI_CO[3])
                                                      0.114    12.173 r  inst_datapath/inst_linecalc_pair6/fit_error_OBUF[31]_inst_i_7/CO[3]
                         net (fo=1, routed)           0.000    12.173    inst_datapath/inst_linecalc_pair6/fit_error_OBUF[31]_inst_i_7_n_0
    SLICE_X3Y21          CARRY4 (Prop_carry4_CI_CO[3])
                                                      0.114    12.287 r  inst_datapath/inst_linecalc_pair6/fit_error_OBUF[31]_inst_i_4/CO[3]
                         net (fo=40, routed)          1.411    13.698    inst_datapath/inst_linecalc_pair6/fit_error_OBUF[31]_inst_i_15_0[0]
    SLICE_X3Y16          LUT3 (Prop_lut3_I2_O)        0.150    13.848 r  inst_datapath/inst_linecalc_pair6/fit_error_OBUF[3]_inst_i_1/O
                         net (fo=1, routed)           2.074    15.922    fit_error_OBUF[3]
    W14                  OBUF (Prop_obuf_I_O)         2.806    18.728 r  fit_error_OBUF[3]_inst/O
                         net (fo=0)                   0.000    18.728    fit_error[3]
    W14                                                               r  fit_error[3] (OUT)
  -------------------------------------------------------------------    -------------------

Slack:                    inf
  Source:                 inst_datapath/inst_linecalc_pair2/reg_accum_reg[20]/C
                            (rising edge-triggered cell FDRE)
  Destination:            fit_error[7]
                            (output port)
  Path Group:             (none)
  Path Type:              Max at Slow Process Corner
  Data Path Delay:        18.716ns  (logic 6.362ns (33.994%)  route 12.353ns (66.006%))
  Logic Levels:           18  (CARRY4=10 FDRE=1 LUT3=2 LUT4=2 LUT5=1 LUT6=1 OBUF=1)

    Location             Delay type                Incr(ns)  Path(ns)    Netlist Resource(s)
  -------------------------------------------------------------------    -------------------
    SLICE_X11Y29         FDRE                         0.000     0.000 r  inst_datapath/inst_linecalc_pair2/reg_accum_reg[20]/C
    SLICE_X11Y29         FDRE (Prop_fdre_C_Q)         0.456     0.456 r  inst_datapath/inst_linecalc_pair2/reg_accum_reg[20]/Q
                         net (fo=6, routed)           1.935     2.391    inst_datapath/inst_linecalc_pair2/err_2[20]
    SLICE_X6Y25          LUT4 (Prop_lut4_I0_O)        0.124     2.515 r  inst_datapath/inst_linecalc_pair2/k_OBUF[1]_inst_i_18/O
                         net (fo=1, routed)           0.000     2.515    inst_datapath/inst_linecalc_pair2/k_OBUF[1]_inst_i_18_n_0
    SLICE_X6Y25          CARRY4 (Prop_carry4_S[2]_CO[3])
                                                      0.380     2.895 r  inst_datapath/inst_linecalc_pair2/k_OBUF[1]_inst_i_3/CO[3]
                         net (fo=1, routed)           0.000     2.895    inst_datapath/inst_linecalc_pair2/k_OBUF[1]_inst_i_3_n_0
    SLICE_X6Y26          CARRY4 (Prop_carry4_CI_CO[3])
                                                      0.117     3.012 r  inst_datapath/inst_linecalc_pair2/k_OBUF[1]_inst_i_2/CO[3]
                         net (fo=98, routed)          2.553     5.565    inst_datapath/inst_linecalc_pair2/CO[0]
    SLICE_X6Y22          LUT3 (Prop_lut3_I2_O)        0.148     5.713 f  inst_datapath/inst_linecalc_pair2/k_OBUF[3]_inst_i_117/O
                         net (fo=1, routed)           0.469     6.183    inst_datapath/inst_linecalc_pair4/quart_1[1]
    SLICE_X6Y22          LUT6 (Prop_lut6_I4_O)        0.328     6.511 r  inst_datapath/inst_linecalc_pair4/k_OBUF[3]_inst_i_93/O
                         net (fo=1, routed)           0.525     7.036    inst_datapath/inst_linecalc_pair4/k_OBUF[3]_inst_i_93_n_0
    SLICE_X5Y25          CARRY4 (Prop_carry4_DI[0]_CO[3])
                                                      0.526     7.562 r  inst_datapath/inst_linecalc_pair4/k_OBUF[3]_inst_i_61/CO[3]
                         net (fo=1, routed)           0.000     7.562    inst_datapath/inst_linecalc_pair4/k_OBUF[3]_inst_i_61_n_0
    SLICE_X5Y26          CARRY4 (Prop_carry4_CI_CO[3])
                                                      0.114     7.676 r  inst_datapath/inst_linecalc_pair4/k_OBUF[3]_inst_i_31/CO[3]
                         net (fo=1, routed)           0.000     7.676    inst_datapath/inst_linecalc_pair4/k_OBUF[3]_inst_i_31_n_0
    SLICE_X5Y27          CARRY4 (Prop_carry4_CI_CO[3])
                                                      0.114     7.790 r  inst_datapath/inst_linecalc_pair4/k_OBUF[3]_inst_i_13/CO[3]
                         net (fo=1, routed)           0.000     7.790    inst_datapath/inst_linecalc_pair4/k_OBUF[3]_inst_i_13_n_0
    SLICE_X5Y28          CARRY4 (Prop_carry4_CI_CO[3])
                                                      0.114     7.904 r  inst_datapath/inst_linecalc_pair4/k_OBUF[3]_inst_i_3/CO[3]
                         net (fo=36, routed)          2.029     9.933    inst_datapath/inst_linecalc_pair2/fit_error_OBUF[31]_inst_i_1[0]
    SLICE_X5Y24          LUT5 (Prop_lut5_I4_O)        0.124    10.057 r  inst_datapath/inst_linecalc_pair2/fit_error_OBUF[5]_inst_i_2/O
                         net (fo=3, routed)           1.366    11.423    inst_datapath/inst_linecalc_pair6/semi_1[5]
    SLICE_X3Y18          LUT4 (Prop_lut4_I3_O)        0.124    11.547 r  inst_datapath/inst_linecalc_pair6/fit_error_OBUF[31]_inst_i_39/O
                         net (fo=1, routed)           0.000    11.547    inst_datapath/inst_linecalc_pair6/fit_error_OBUF[31]_inst_i_39_n_0
    SLICE_X3Y18          CARRY4 (Prop_carry4_S[2]_CO[3])
                                                      0.398    11.945 r  inst_datapath/inst_linecalc_pair6/fit_error_OBUF[31]_inst_i_25/CO[3]
                         net (fo=1, routed)           0.000    11.945    inst_datapath/inst_linecalc_pair6/fit_error_OBUF[31]_inst_i_25_n_0
    SLICE_X3Y19          CARRY4 (Prop_carry4_CI_CO[3])
                                                      0.114    12.059 r  inst_datapath/inst_linecalc_pair6/fit_error_OBUF[31]_inst_i_16/CO[3]
                         net (fo=1, routed)           0.000    12.059    inst_datapath/inst_linecalc_pair6/fit_error_OBUF[31]_inst_i_16_n_0
    SLICE_X3Y20          CARRY4 (Prop_carry4_CI_CO[3])
                                                      0.114    12.173 r  inst_datapath/inst_linecalc_pair6/fit_error_OBUF[31]_inst_i_7/CO[3]
                         net (fo=1, routed)           0.000    12.173    inst_datapath/inst_linecalc_pair6/fit_error_OBUF[31]_inst_i_7_n_0
    SLICE_X3Y21          CARRY4 (Prop_carry4_CI_CO[3])
                                                      0.114    12.287 r  inst_datapath/inst_linecalc_pair6/fit_error_OBUF[31]_inst_i_4/CO[3]
                         net (fo=40, routed)          1.613    13.900    inst_datapath/inst_linecalc_pair6/fit_error_OBUF[31]_inst_i_15_0[0]
    SLICE_X3Y16          LUT3 (Prop_lut3_I2_O)        0.149    14.049 r  inst_datapath/inst_linecalc_pair6/fit_error_OBUF[7]_inst_i_1/O
                         net (fo=1, routed)           1.862    15.911    fit_error_OBUF[7]
    W17                  OBUF (Prop_obuf_I_O)         2.804    18.716 r  fit_error_OBUF[7]_inst/O
                         net (fo=0)                   0.000    18.716    fit_error[7]
    W17                                                               r  fit_error[7] (OUT)
  -------------------------------------------------------------------    -------------------

Slack:                    inf
  Source:                 inst_datapath/inst_linecalc_pair2/reg_accum_reg[20]/C
                            (rising edge-triggered cell FDRE)
  Destination:            fit_error[6]
                            (output port)
  Path Group:             (none)
  Path Type:              Max at Slow Process Corner
  Data Path Delay:        18.680ns  (logic 6.147ns (32.906%)  route 12.533ns (67.094%))
  Logic Levels:           18  (CARRY4=10 FDRE=1 LUT3=2 LUT4=2 LUT5=1 LUT6=1 OBUF=1)

    Location             Delay type                Incr(ns)  Path(ns)    Netlist Resource(s)
  -------------------------------------------------------------------    -------------------
    SLICE_X11Y29         FDRE                         0.000     0.000 r  inst_datapath/inst_linecalc_pair2/reg_accum_reg[20]/C
    SLICE_X11Y29         FDRE (Prop_fdre_C_Q)         0.456     0.456 r  inst_datapath/inst_linecalc_pair2/reg_accum_reg[20]/Q
                         net (fo=6, routed)           1.935     2.391    inst_datapath/inst_linecalc_pair2/err_2[20]
    SLICE_X6Y25          LUT4 (Prop_lut4_I0_O)        0.124     2.515 r  inst_datapath/inst_linecalc_pair2/k_OBUF[1]_inst_i_18/O
                         net (fo=1, routed)           0.000     2.515    inst_datapath/inst_linecalc_pair2/k_OBUF[1]_inst_i_18_n_0
    SLICE_X6Y25          CARRY4 (Prop_carry4_S[2]_CO[3])
                                                      0.380     2.895 r  inst_datapath/inst_linecalc_pair2/k_OBUF[1]_inst_i_3/CO[3]
                         net (fo=1, routed)           0.000     2.895    inst_datapath/inst_linecalc_pair2/k_OBUF[1]_inst_i_3_n_0
    SLICE_X6Y26          CARRY4 (Prop_carry4_CI_CO[3])
                                                      0.117     3.012 r  inst_datapath/inst_linecalc_pair2/k_OBUF[1]_inst_i_2/CO[3]
                         net (fo=98, routed)          2.553     5.565    inst_datapath/inst_linecalc_pair2/CO[0]
    SLICE_X6Y22          LUT3 (Prop_lut3_I2_O)        0.148     5.713 f  inst_datapath/inst_linecalc_pair2/k_OBUF[3]_inst_i_117/O
                         net (fo=1, routed)           0.469     6.183    inst_datapath/inst_linecalc_pair4/quart_1[1]
    SLICE_X6Y22          LUT6 (Prop_lut6_I4_O)        0.328     6.511 r  inst_datapath/inst_linecalc_pair4/k_OBUF[3]_inst_i_93/O
                         net (fo=1, routed)           0.525     7.036    inst_datapath/inst_linecalc_pair4/k_OBUF[3]_inst_i_93_n_0
    SLICE_X5Y25          CARRY4 (Prop_carry4_DI[0]_CO[3])
                                                      0.526     7.562 r  inst_datapath/inst_linecalc_pair4/k_OBUF[3]_inst_i_61/CO[3]
                         net (fo=1, routed)           0.000     7.562    inst_datapath/inst_linecalc_pair4/k_OBUF[3]_inst_i_61_n_0
    SLICE_X5Y26          CARRY4 (Prop_carry4_CI_CO[3])
                                                      0.114     7.676 r  inst_datapath/inst_linecalc_pair4/k_OBUF[3]_inst_i_31/CO[3]
                         net (fo=1, routed)           0.000     7.676    inst_datapath/inst_linecalc_pair4/k_OBUF[3]_inst_i_31_n_0
    SLICE_X5Y27          CARRY4 (Prop_carry4_CI_CO[3])
                                                      0.114     7.790 r  inst_datapath/inst_linecalc_pair4/k_OBUF[3]_inst_i_13/CO[3]
                         net (fo=1, routed)           0.000     7.790    inst_datapath/inst_linecalc_pair4/k_OBUF[3]_inst_i_13_n_0
    SLICE_X5Y28          CARRY4 (Prop_carry4_CI_CO[3])
                                                      0.114     7.904 r  inst_datapath/inst_linecalc_pair4/k_OBUF[3]_inst_i_3/CO[3]
                         net (fo=36, routed)          2.029     9.933    inst_datapath/inst_linecalc_pair2/fit_error_OBUF[31]_inst_i_1[0]
    SLICE_X5Y24          LUT5 (Prop_lut5_I4_O)        0.124    10.057 r  inst_datapath/inst_linecalc_pair2/fit_error_OBUF[5]_inst_i_2/O
                         net (fo=3, routed)           1.366    11.423    inst_datapath/inst_linecalc_pair6/semi_1[5]
    SLICE_X3Y18          LUT4 (Prop_lut4_I3_O)        0.124    11.547 r  inst_datapath/inst_linecalc_pair6/fit_error_OBUF[31]_inst_i_39/O
                         net (fo=1, routed)           0.000    11.547    inst_datapath/inst_linecalc_pair6/fit_error_OBUF[31]_inst_i_39_n_0
    SLICE_X3Y18          CARRY4 (Prop_carry4_S[2]_CO[3])
                                                      0.398    11.945 r  inst_datapath/inst_linecalc_pair6/fit_error_OBUF[31]_inst_i_25/CO[3]
                         net (fo=1, routed)           0.000    11.945    inst_datapath/inst_linecalc_pair6/fit_error_OBUF[31]_inst_i_25_n_0
    SLICE_X3Y19          CARRY4 (Prop_carry4_CI_CO[3])
                                                      0.114    12.059 r  inst_datapath/inst_linecalc_pair6/fit_error_OBUF[31]_inst_i_16/CO[3]
                         net (fo=1, routed)           0.000    12.059    inst_datapath/inst_linecalc_pair6/fit_error_OBUF[31]_inst_i_16_n_0
    SLICE_X3Y20          CARRY4 (Prop_carry4_CI_CO[3])
                                                      0.114    12.173 r  inst_datapath/inst_linecalc_pair6/fit_error_OBUF[31]_inst_i_7/CO[3]
                         net (fo=1, routed)           0.000    12.173    inst_datapath/inst_linecalc_pair6/fit_error_OBUF[31]_inst_i_7_n_0
    SLICE_X3Y21          CARRY4 (Prop_carry4_CI_CO[3])
                                                      0.114    12.287 r  inst_datapath/inst_linecalc_pair6/fit_error_OBUF[31]_inst_i_4/CO[3]
                         net (fo=40, routed)          1.613    13.900    inst_datapath/inst_linecalc_pair6/fit_error_OBUF[31]_inst_i_15_0[0]
    SLICE_X3Y16          LUT3 (Prop_lut3_I2_O)        0.124    14.024 r  inst_datapath/inst_linecalc_pair6/fit_error_OBUF[6]_inst_i_1/O
                         net (fo=1, routed)           2.042    16.066    fit_error_OBUF[6]
    V15                  OBUF (Prop_obuf_I_O)         2.614    18.680 r  fit_error_OBUF[6]_inst/O
                         net (fo=0)                   0.000    18.680    fit_error[6]
    V15                                                               r  fit_error[6] (OUT)
  -------------------------------------------------------------------    -------------------

Slack:                    inf
  Source:                 inst_datapath/inst_linecalc_pair2/reg_accum_reg[20]/C
                            (rising edge-triggered cell FDRE)
  Destination:            k[7]
                            (output port)
  Path Group:             (none)
  Path Type:              Max at Slow Process Corner
  Data Path Delay:        18.636ns  (logic 6.378ns (34.225%)  route 12.258ns (65.775%))
  Logic Levels:           18  (CARRY4=10 FDRE=1 LUT3=2 LUT4=2 LUT5=1 LUT6=1 OBUF=1)

    Location             Delay type                Incr(ns)  Path(ns)    Netlist Resource(s)
  -------------------------------------------------------------------    -------------------
    SLICE_X11Y29         FDRE                         0.000     0.000 r  inst_datapath/inst_linecalc_pair2/reg_accum_reg[20]/C
    SLICE_X11Y29         FDRE (Prop_fdre_C_Q)         0.456     0.456 r  inst_datapath/inst_linecalc_pair2/reg_accum_reg[20]/Q
                         net (fo=6, routed)           1.935     2.391    inst_datapath/inst_linecalc_pair2/err_2[20]
    SLICE_X6Y25          LUT4 (Prop_lut4_I0_O)        0.124     2.515 r  inst_datapath/inst_linecalc_pair2/k_OBUF[1]_inst_i_18/O
                         net (fo=1, routed)           0.000     2.515    inst_datapath/inst_linecalc_pair2/k_OBUF[1]_inst_i_18_n_0
    SLICE_X6Y25          CARRY4 (Prop_carry4_S[2]_CO[3])
                                                      0.380     2.895 r  inst_datapath/inst_linecalc_pair2/k_OBUF[1]_inst_i_3/CO[3]
                         net (fo=1, routed)           0.000     2.895    inst_datapath/inst_linecalc_pair2/k_OBUF[1]_inst_i_3_n_0
    SLICE_X6Y26          CARRY4 (Prop_carry4_CI_CO[3])
                                                      0.117     3.012 r  inst_datapath/inst_linecalc_pair2/k_OBUF[1]_inst_i_2/CO[3]
                         net (fo=98, routed)          2.553     5.565    inst_datapath/inst_linecalc_pair2/CO[0]
    SLICE_X6Y22          LUT3 (Prop_lut3_I2_O)        0.148     5.713 f  inst_datapath/inst_linecalc_pair2/k_OBUF[3]_inst_i_117/O
                         net (fo=1, routed)           0.469     6.183    inst_datapath/inst_linecalc_pair4/quart_1[1]
    SLICE_X6Y22          LUT6 (Prop_lut6_I4_O)        0.328     6.511 r  inst_datapath/inst_linecalc_pair4/k_OBUF[3]_inst_i_93/O
                         net (fo=1, routed)           0.525     7.036    inst_datapath/inst_linecalc_pair4/k_OBUF[3]_inst_i_93_n_0
    SLICE_X5Y25          CARRY4 (Prop_carry4_DI[0]_CO[3])
                                                      0.526     7.562 r  inst_datapath/inst_linecalc_pair4/k_OBUF[3]_inst_i_61/CO[3]
                         net (fo=1, routed)           0.000     7.562    inst_datapath/inst_linecalc_pair4/k_OBUF[3]_inst_i_61_n_0
    SLICE_X5Y26          CARRY4 (Prop_carry4_CI_CO[3])
                                                      0.114     7.676 r  inst_datapath/inst_linecalc_pair4/k_OBUF[3]_inst_i_31/CO[3]
                         net (fo=1, routed)           0.000     7.676    inst_datapath/inst_linecalc_pair4/k_OBUF[3]_inst_i_31_n_0
    SLICE_X5Y27          CARRY4 (Prop_carry4_CI_CO[3])
                                                      0.114     7.790 r  inst_datapath/inst_linecalc_pair4/k_OBUF[3]_inst_i_13/CO[3]
                         net (fo=1, routed)           0.000     7.790    inst_datapath/inst_linecalc_pair4/k_OBUF[3]_inst_i_13_n_0
    SLICE_X5Y28          CARRY4 (Prop_carry4_CI_CO[3])
                                                      0.114     7.904 r  inst_datapath/inst_linecalc_pair4/k_OBUF[3]_inst_i_3/CO[3]
                         net (fo=36, routed)          2.029     9.933    inst_datapath/inst_linecalc_pair2/fit_error_OBUF[31]_inst_i_1[0]
    SLICE_X5Y24          LUT5 (Prop_lut5_I4_O)        0.124    10.057 r  inst_datapath/inst_linecalc_pair2/fit_error_OBUF[5]_inst_i_2/O
                         net (fo=3, routed)           1.366    11.423    inst_datapath/inst_linecalc_pair6/semi_1[5]
    SLICE_X3Y18          LUT4 (Prop_lut4_I3_O)        0.124    11.547 r  inst_datapath/inst_linecalc_pair6/fit_error_OBUF[31]_inst_i_39/O
                         net (fo=1, routed)           0.000    11.547    inst_datapath/inst_linecalc_pair6/fit_error_OBUF[31]_inst_i_39_n_0
    SLICE_X3Y18          CARRY4 (Prop_carry4_S[2]_CO[3])
                                                      0.398    11.945 r  inst_datapath/inst_linecalc_pair6/fit_error_OBUF[31]_inst_i_25/CO[3]
                         net (fo=1, routed)           0.000    11.945    inst_datapath/inst_linecalc_pair6/fit_error_OBUF[31]_inst_i_25_n_0
    SLICE_X3Y19          CARRY4 (Prop_carry4_CI_CO[3])
                                                      0.114    12.059 r  inst_datapath/inst_linecalc_pair6/fit_error_OBUF[31]_inst_i_16/CO[3]
                         net (fo=1, routed)           0.000    12.059    inst_datapath/inst_linecalc_pair6/fit_error_OBUF[31]_inst_i_16_n_0
    SLICE_X3Y20          CARRY4 (Prop_carry4_CI_CO[3])
                                                      0.114    12.173 r  inst_datapath/inst_linecalc_pair6/fit_error_OBUF[31]_inst_i_7/CO[3]
                         net (fo=1, routed)           0.000    12.173    inst_datapath/inst_linecalc_pair6/fit_error_OBUF[31]_inst_i_7_n_0
    SLICE_X3Y21          CARRY4 (Prop_carry4_CI_CO[3])
                                                      0.114    12.287 f  inst_datapath/inst_linecalc_pair6/fit_error_OBUF[31]_inst_i_4/CO[3]
                         net (fo=40, routed)          1.495    13.782    inst_datapath/inst_linecalc_pair8/k[6][0]
    SLICE_X0Y35          LUT3 (Prop_lut3_I2_O)        0.149    13.931 r  inst_datapath/inst_linecalc_pair8/k_OBUF[7]_inst_i_1/O
                         net (fo=1, routed)           1.885    15.816    k_OBUF[7]
    H19                  OBUF (Prop_obuf_I_O)         2.820    18.636 r  k_OBUF[7]_inst/O
                         net (fo=0)                   0.000    18.636    k[7]
    H19                                                               r  k[7] (OUT)
  -------------------------------------------------------------------    -------------------

Slack:                    inf
  Source:                 inst_datapath/inst_linecalc_pair2/reg_accum_reg[20]/C
                            (rising edge-triggered cell FDRE)
  Destination:            k[5]
                            (output port)
  Path Group:             (none)
  Path Type:              Max at Slow Process Corner
  Data Path Delay:        18.608ns  (logic 6.363ns (34.197%)  route 12.245ns (65.803%))
  Logic Levels:           18  (CARRY4=10 FDRE=1 LUT3=2 LUT4=2 LUT5=1 LUT6=1 OBUF=1)

    Location             Delay type                Incr(ns)  Path(ns)    Netlist Resource(s)
  -------------------------------------------------------------------    -------------------
    SLICE_X11Y29         FDRE                         0.000     0.000 r  inst_datapath/inst_linecalc_pair2/reg_accum_reg[20]/C
    SLICE_X11Y29         FDRE (Prop_fdre_C_Q)         0.456     0.456 r  inst_datapath/inst_linecalc_pair2/reg_accum_reg[20]/Q
                         net (fo=6, routed)           1.935     2.391    inst_datapath/inst_linecalc_pair2/err_2[20]
    SLICE_X6Y25          LUT4 (Prop_lut4_I0_O)        0.124     2.515 r  inst_datapath/inst_linecalc_pair2/k_OBUF[1]_inst_i_18/O
                         net (fo=1, routed)           0.000     2.515    inst_datapath/inst_linecalc_pair2/k_OBUF[1]_inst_i_18_n_0
    SLICE_X6Y25          CARRY4 (Prop_carry4_S[2]_CO[3])
                                                      0.380     2.895 r  inst_datapath/inst_linecalc_pair2/k_OBUF[1]_inst_i_3/CO[3]
                         net (fo=1, routed)           0.000     2.895    inst_datapath/inst_linecalc_pair2/k_OBUF[1]_inst_i_3_n_0
    SLICE_X6Y26          CARRY4 (Prop_carry4_CI_CO[3])
                                                      0.117     3.012 r  inst_datapath/inst_linecalc_pair2/k_OBUF[1]_inst_i_2/CO[3]
                         net (fo=98, routed)          2.553     5.565    inst_datapath/inst_linecalc_pair2/CO[0]
    SLICE_X6Y22          LUT3 (Prop_lut3_I2_O)        0.148     5.713 f  inst_datapath/inst_linecalc_pair2/k_OBUF[3]_inst_i_117/O
                         net (fo=1, routed)           0.469     6.183    inst_datapath/inst_linecalc_pair4/quart_1[1]
    SLICE_X6Y22          LUT6 (Prop_lut6_I4_O)        0.328     6.511 r  inst_datapath/inst_linecalc_pair4/k_OBUF[3]_inst_i_93/O
                         net (fo=1, routed)           0.525     7.036    inst_datapath/inst_linecalc_pair4/k_OBUF[3]_inst_i_93_n_0
    SLICE_X5Y25          CARRY4 (Prop_carry4_DI[0]_CO[3])
                                                      0.526     7.562 r  inst_datapath/inst_linecalc_pair4/k_OBUF[3]_inst_i_61/CO[3]
                         net (fo=1, routed)           0.000     7.562    inst_datapath/inst_linecalc_pair4/k_OBUF[3]_inst_i_61_n_0
    SLICE_X5Y26          CARRY4 (Prop_carry4_CI_CO[3])
                                                      0.114     7.676 r  inst_datapath/inst_linecalc_pair4/k_OBUF[3]_inst_i_31/CO[3]
                         net (fo=1, routed)           0.000     7.676    inst_datapath/inst_linecalc_pair4/k_OBUF[3]_inst_i_31_n_0
    SLICE_X5Y27          CARRY4 (Prop_carry4_CI_CO[3])
                                                      0.114     7.790 r  inst_datapath/inst_linecalc_pair4/k_OBUF[3]_inst_i_13/CO[3]
                         net (fo=1, routed)           0.000     7.790    inst_datapath/inst_linecalc_pair4/k_OBUF[3]_inst_i_13_n_0
    SLICE_X5Y28          CARRY4 (Prop_carry4_CI_CO[3])
                                                      0.114     7.904 r  inst_datapath/inst_linecalc_pair4/k_OBUF[3]_inst_i_3/CO[3]
                         net (fo=36, routed)          2.029     9.933    inst_datapath/inst_linecalc_pair2/fit_error_OBUF[31]_inst_i_1[0]
    SLICE_X5Y24          LUT5 (Prop_lut5_I4_O)        0.124    10.057 r  inst_datapath/inst_linecalc_pair2/fit_error_OBUF[5]_inst_i_2/O
                         net (fo=3, routed)           1.366    11.423    inst_datapath/inst_linecalc_pair6/semi_1[5]
    SLICE_X3Y18          LUT4 (Prop_lut4_I3_O)        0.124    11.547 r  inst_datapath/inst_linecalc_pair6/fit_error_OBUF[31]_inst_i_39/O
                         net (fo=1, routed)           0.000    11.547    inst_datapath/inst_linecalc_pair6/fit_error_OBUF[31]_inst_i_39_n_0
    SLICE_X3Y18          CARRY4 (Prop_carry4_S[2]_CO[3])
                                                      0.398    11.945 r  inst_datapath/inst_linecalc_pair6/fit_error_OBUF[31]_inst_i_25/CO[3]
                         net (fo=1, routed)           0.000    11.945    inst_datapath/inst_linecalc_pair6/fit_error_OBUF[31]_inst_i_25_n_0
    SLICE_X3Y19          CARRY4 (Prop_carry4_CI_CO[3])
                                                      0.114    12.059 r  inst_datapath/inst_linecalc_pair6/fit_error_OBUF[31]_inst_i_16/CO[3]
                         net (fo=1, routed)           0.000    12.059    inst_datapath/inst_linecalc_pair6/fit_error_OBUF[31]_inst_i_16_n_0
    SLICE_X3Y20          CARRY4 (Prop_carry4_CI_CO[3])
                                                      0.114    12.173 r  inst_datapath/inst_linecalc_pair6/fit_error_OBUF[31]_inst_i_7/CO[3]
                         net (fo=1, routed)           0.000    12.173    inst_datapath/inst_linecalc_pair6/fit_error_OBUF[31]_inst_i_7_n_0
    SLICE_X3Y21          CARRY4 (Prop_carry4_CI_CO[3])
                                                      0.114    12.287 f  inst_datapath/inst_linecalc_pair6/fit_error_OBUF[31]_inst_i_4/CO[3]
                         net (fo=40, routed)          1.499    13.787    inst_datapath/inst_linecalc_pair6/fit_error_OBUF[31]_inst_i_15_0[0]
    SLICE_X0Y35          LUT3 (Prop_lut3_I2_O)        0.153    13.940 r  inst_datapath/inst_linecalc_pair6/k_OBUF[5]_inst_i_1/O
                         net (fo=1, routed)           1.867    15.807    k_OBUF[5]
    H17                  OBUF (Prop_obuf_I_O)         2.801    18.608 r  k_OBUF[5]_inst/O
                         net (fo=0)                   0.000    18.608    k[5]
    H17                                                               r  k[5] (OUT)
  -------------------------------------------------------------------    -------------------





Min Delay Paths
--------------------------------------------------------------------------------------
Slack:                    inf
  Source:                 inst_datapath/inst_linecalc_pair8/inst_linecalc_1/reg_y_delay_1_reg[10]/C
                            (rising edge-triggered cell FDRE)
  Destination:            inst_datapath/inst_linecalc_pair8/inst_linecalc_1/reg_y_delay_2_reg[10]/D
  Path Group:             (none)
  Path Type:              Min at Fast Process Corner
  Data Path Delay:        0.246ns  (logic 0.164ns (66.639%)  route 0.082ns (33.361%))
  Logic Levels:           1  (FDRE=1)

    Location             Delay type                Incr(ns)  Path(ns)    Netlist Resource(s)
  -------------------------------------------------------------------    -------------------
    SLICE_X6Y7           FDRE                         0.000     0.000 r  inst_datapath/inst_linecalc_pair8/inst_linecalc_1/reg_y_delay_1_reg[10]/C
    SLICE_X6Y7           FDRE (Prop_fdre_C_Q)         0.164     0.164 r  inst_datapath/inst_linecalc_pair8/inst_linecalc_1/reg_y_delay_1_reg[10]/Q
                         net (fo=1, routed)           0.082     0.246    inst_datapath/inst_linecalc_pair8/inst_linecalc_1/reg_y_delay_1_reg_n_0_[10]
    SLICE_X7Y7           FDRE                                         r  inst_datapath/inst_linecalc_pair8/inst_linecalc_1/reg_y_delay_2_reg[10]/D
  -------------------------------------------------------------------    -------------------

Slack:                    inf
  Source:                 inst_datapath/inst_linecalc_pair8/inst_linecalc_1/reg_y_delay_1_reg[4]/C
                            (rising edge-triggered cell FDRE)
  Destination:            inst_datapath/inst_linecalc_pair8/inst_linecalc_1/reg_y_delay_2_reg[4]/D
  Path Group:             (none)
  Path Type:              Min at Fast Process Corner
  Data Path Delay:        0.251ns  (logic 0.141ns (56.174%)  route 0.110ns (43.826%))
  Logic Levels:           1  (FDRE=1)

    Location             Delay type                Incr(ns)  Path(ns)    Netlist Resource(s)
  -------------------------------------------------------------------    -------------------
    SLICE_X7Y6           FDRE                         0.000     0.000 r  inst_datapath/inst_linecalc_pair8/inst_linecalc_1/reg_y_delay_1_reg[4]/C
    SLICE_X7Y6           FDRE (Prop_fdre_C_Q)         0.141     0.141 r  inst_datapath/inst_linecalc_pair8/inst_linecalc_1/reg_y_delay_1_reg[4]/Q
                         net (fo=1, routed)           0.110     0.251    inst_datapath/inst_linecalc_pair8/inst_linecalc_1/reg_y_delay_1_reg_n_0_[4]
    SLICE_X7Y5           FDRE                                         r  inst_datapath/inst_linecalc_pair8/inst_linecalc_1/reg_y_delay_2_reg[4]/D
  -------------------------------------------------------------------    -------------------

Slack:                    inf
  Source:                 inst_datapath/inst_linecalc_pair8/inst_linecalc_2/reg_y_delay_1_reg[4]/C
                            (rising edge-triggered cell FDRE)
  Destination:            inst_datapath/inst_linecalc_pair8/inst_linecalc_2/reg_y_delay_2_reg[4]/D
  Path Group:             (none)
  Path Type:              Min at Fast Process Corner
  Data Path Delay:        0.253ns  (logic 0.141ns (55.769%)  route 0.112ns (44.231%))
  Logic Levels:           1  (FDRE=1)

    Location             Delay type                Incr(ns)  Path(ns)    Netlist Resource(s)
  -------------------------------------------------------------------    -------------------
    SLICE_X4Y10          FDRE                         0.000     0.000 r  inst_datapath/inst_linecalc_pair8/inst_linecalc_2/reg_y_delay_1_reg[4]/C
    SLICE_X4Y10          FDRE (Prop_fdre_C_Q)         0.141     0.141 r  inst_datapath/inst_linecalc_pair8/inst_linecalc_2/reg_y_delay_1_reg[4]/Q
                         net (fo=1, routed)           0.112     0.253    inst_datapath/inst_linecalc_pair8/inst_linecalc_2/reg_y_delay_1[4]
    SLICE_X4Y9           FDRE                                         r  inst_datapath/inst_linecalc_pair8/inst_linecalc_2/reg_y_delay_2_reg[4]/D
  -------------------------------------------------------------------    -------------------

Slack:                    inf
  Source:                 inst_datapath/inst_linecalc_pair8/inst_linecalc_2/reg_y_delay_1_reg[3]/C
                            (rising edge-triggered cell FDRE)
  Destination:            inst_datapath/inst_linecalc_pair8/inst_linecalc_2/reg_y_delay_2_reg[3]/D
  Path Group:             (none)
  Path Type:              Min at Fast Process Corner
  Data Path Delay:        0.254ns  (logic 0.141ns (55.543%)  route 0.113ns (44.457%))
  Logic Levels:           1  (FDRE=1)

    Location             Delay type                Incr(ns)  Path(ns)    Netlist Resource(s)
  -------------------------------------------------------------------    -------------------
    SLICE_X4Y7           FDRE                         0.000     0.000 r  inst_datapath/inst_linecalc_pair8/inst_linecalc_2/reg_y_delay_1_reg[3]/C
    SLICE_X4Y7           FDRE (Prop_fdre_C_Q)         0.141     0.141 r  inst_datapath/inst_linecalc_pair8/inst_linecalc_2/reg_y_delay_1_reg[3]/Q
                         net (fo=1, routed)           0.113     0.254    inst_datapath/inst_linecalc_pair8/inst_linecalc_2/reg_y_delay_1[3]
    SLICE_X4Y6           FDRE                                         r  inst_datapath/inst_linecalc_pair8/inst_linecalc_2/reg_y_delay_2_reg[3]/D
  -------------------------------------------------------------------    -------------------

Slack:                    inf
  Source:                 inst_datapath/inst_linecalc_pair8/inst_linecalc_2/reg_y_delay_1_reg[5]/C
                            (rising edge-triggered cell FDRE)
  Destination:            inst_datapath/inst_linecalc_pair8/inst_linecalc_2/reg_y_delay_2_reg[5]/D
  Path Group:             (none)
  Path Type:              Min at Fast Process Corner
  Data Path Delay:        0.257ns  (logic 0.141ns (54.895%)  route 0.116ns (45.105%))
  Logic Levels:           1  (FDRE=1)

    Location             Delay type                Incr(ns)  Path(ns)    Netlist Resource(s)
  -------------------------------------------------------------------    -------------------
    SLICE_X4Y10          FDRE                         0.000     0.000 r  inst_datapath/inst_linecalc_pair8/inst_linecalc_2/reg_y_delay_1_reg[5]/C
    SLICE_X4Y10          FDRE (Prop_fdre_C_Q)         0.141     0.141 r  inst_datapath/inst_linecalc_pair8/inst_linecalc_2/reg_y_delay_1_reg[5]/Q
                         net (fo=1, routed)           0.116     0.257    inst_datapath/inst_linecalc_pair8/inst_linecalc_2/reg_y_delay_1[5]
    SLICE_X5Y10          FDRE                                         r  inst_datapath/inst_linecalc_pair8/inst_linecalc_2/reg_y_delay_2_reg[5]/D
  -------------------------------------------------------------------    -------------------

Slack:                    inf
  Source:                 inst_datapath/inst_linecalc_pair8/inst_linecalc_2/reg_y_delay_1_reg[7]/C
                            (rising edge-triggered cell FDRE)
  Destination:            inst_datapath/inst_linecalc_pair8/inst_linecalc_2/reg_y_delay_2_reg[7]/D
  Path Group:             (none)
  Path Type:              Min at Fast Process Corner
  Data Path Delay:        0.259ns  (logic 0.141ns (54.426%)  route 0.118ns (45.574%))
  Logic Levels:           1  (FDRE=1)

    Location             Delay type                Incr(ns)  Path(ns)    Netlist Resource(s)
  -------------------------------------------------------------------    -------------------
    SLICE_X4Y12          FDRE                         0.000     0.000 r  inst_datapath/inst_linecalc_pair8/inst_linecalc_2/reg_y_delay_1_reg[7]/C
    SLICE_X4Y12          FDRE (Prop_fdre_C_Q)         0.141     0.141 r  inst_datapath/inst_linecalc_pair8/inst_linecalc_2/reg_y_delay_1_reg[7]/Q
                         net (fo=1, routed)           0.118     0.259    inst_datapath/inst_linecalc_pair8/inst_linecalc_2/reg_y_delay_1[7]
    SLICE_X5Y10          FDRE                                         r  inst_datapath/inst_linecalc_pair8/inst_linecalc_2/reg_y_delay_2_reg[7]/D
  -------------------------------------------------------------------    -------------------

Slack:                    inf
  Source:                 inst_datapath/inst_linecalc_pair8/inst_linecalc_2/reg_y_delay_1_reg[14]/C
                            (rising edge-triggered cell FDRE)
  Destination:            inst_datapath/inst_linecalc_pair8/inst_linecalc_2/reg_y_delay_2_reg[14]/D
  Path Group:             (none)
  Path Type:              Min at Fast Process Corner
  Data Path Delay:        0.259ns  (logic 0.141ns (54.399%)  route 0.118ns (45.601%))
  Logic Levels:           1  (FDRE=1)

    Location             Delay type                Incr(ns)  Path(ns)    Netlist Resource(s)
  -------------------------------------------------------------------    -------------------
    SLICE_X4Y16          FDRE                         0.000     0.000 r  inst_datapath/inst_linecalc_pair8/inst_linecalc_2/reg_y_delay_1_reg[14]/C
    SLICE_X4Y16          FDRE (Prop_fdre_C_Q)         0.141     0.141 r  inst_datapath/inst_linecalc_pair8/inst_linecalc_2/reg_y_delay_1_reg[14]/Q
                         net (fo=1, routed)           0.118     0.259    inst_datapath/inst_linecalc_pair8/inst_linecalc_2/reg_y_delay_1[14]
    SLICE_X3Y16          FDRE                                         r  inst_datapath/inst_linecalc_pair8/inst_linecalc_2/reg_y_delay_2_reg[14]/D
  -------------------------------------------------------------------    -------------------

Slack:                    inf
  Source:                 inst_datapath/inst_linecalc_pair8/inst_linecalc_2/reg_y_delay_1_reg[10]/C
                            (rising edge-triggered cell FDRE)
  Destination:            inst_datapath/inst_linecalc_pair8/inst_linecalc_2/reg_y_delay_2_reg[10]/D
  Path Group:             (none)
  Path Type:              Min at Fast Process Corner
  Data Path Delay:        0.260ns  (logic 0.141ns (54.139%)  route 0.119ns (45.861%))
  Logic Levels:           1  (FDRE=1)

    Location             Delay type                Incr(ns)  Path(ns)    Netlist Resource(s)
  -------------------------------------------------------------------    -------------------
    SLICE_X4Y7           FDRE                         0.000     0.000 r  inst_datapath/inst_linecalc_pair8/inst_linecalc_2/reg_y_delay_1_reg[10]/C
    SLICE_X4Y7           FDRE (Prop_fdre_C_Q)         0.141     0.141 r  inst_datapath/inst_linecalc_pair8/inst_linecalc_2/reg_y_delay_1_reg[10]/Q
                         net (fo=1, routed)           0.119     0.260    inst_datapath/inst_linecalc_pair8/inst_linecalc_2/reg_y_delay_1[10]
    SLICE_X4Y6           FDRE                                         r  inst_datapath/inst_linecalc_pair8/inst_linecalc_2/reg_y_delay_2_reg[10]/D
  -------------------------------------------------------------------    -------------------

Slack:                    inf
  Source:                 inst_datapath/inst_linecalc_pair8/inst_linecalc_2/reg_y_delay_1_reg[1]/C
                            (rising edge-triggered cell FDRE)
  Destination:            inst_datapath/inst_linecalc_pair8/inst_linecalc_2/reg_y_delay_2_reg[1]/D
  Path Group:             (none)
  Path Type:              Min at Fast Process Corner
  Data Path Delay:        0.260ns  (logic 0.141ns (54.139%)  route 0.119ns (45.861%))
  Logic Levels:           1  (FDRE=1)

    Location             Delay type                Incr(ns)  Path(ns)    Netlist Resource(s)
  -------------------------------------------------------------------    -------------------
    SLICE_X4Y10          FDRE                         0.000     0.000 r  inst_datapath/inst_linecalc_pair8/inst_linecalc_2/reg_y_delay_1_reg[1]/C
    SLICE_X4Y10          FDRE (Prop_fdre_C_Q)         0.141     0.141 r  inst_datapath/inst_linecalc_pair8/inst_linecalc_2/reg_y_delay_1_reg[1]/Q
                         net (fo=1, routed)           0.119     0.260    inst_datapath/inst_linecalc_pair8/inst_linecalc_2/reg_y_delay_1[1]
    SLICE_X4Y9           FDRE                                         r  inst_datapath/inst_linecalc_pair8/inst_linecalc_2/reg_y_delay_2_reg[1]/D
  -------------------------------------------------------------------    -------------------

Slack:                    inf
  Source:                 inst_datapath/inst_linecalc_pair8/inst_linecalc_2/reg_y_delay_1_reg[9]/C
                            (rising edge-triggered cell FDRE)
  Destination:            inst_datapath/inst_linecalc_pair8/inst_linecalc_2/reg_y_delay_2_reg[9]/D
  Path Group:             (none)
  Path Type:              Min at Fast Process Corner
  Data Path Delay:        0.264ns  (logic 0.148ns (55.965%)  route 0.116ns (44.035%))
  Logic Levels:           1  (FDRE=1)

    Location             Delay type                Incr(ns)  Path(ns)    Netlist Resource(s)
  -------------------------------------------------------------------    -------------------
    SLICE_X6Y7           FDRE                         0.000     0.000 r  inst_datapath/inst_linecalc_pair8/inst_linecalc_2/reg_y_delay_1_reg[9]/C
    SLICE_X6Y7           FDRE (Prop_fdre_C_Q)         0.148     0.148 r  inst_datapath/inst_linecalc_pair8/inst_linecalc_2/reg_y_delay_1_reg[9]/Q
                         net (fo=1, routed)           0.116     0.264    inst_datapath/inst_linecalc_pair8/inst_linecalc_2/reg_y_delay_1[9]
    SLICE_X7Y7           FDRE                                         r  inst_datapath/inst_linecalc_pair8/inst_linecalc_2/reg_y_delay_2_reg[9]/D
  -------------------------------------------------------------------    -------------------





