#-----------------------------------------------------------
# Vivado v2020.2 (64-bit)
# SW Build 3064766 on Wed Nov 18 09:12:45 MST 2020
# IP Build 3064653 on Wed Nov 18 14:17:31 MST 2020
# Start of session at: Mon Sep 26 18:47:32 2022
# Process ID: 14564
# Current directory: D:/lab_1_gr_13
# Command line: vivado.exe -gui_launcher_event rodinguilauncherevent28264 D:\lab_1_gr_13\lab_1_gr_13.xpr
# Log file: D:/lab_1_gr_13/vivado.log
# Journal file: D:/lab_1_gr_13\vivado.jou
#-----------------------------------------------------------
start_gui
open_project D:/lab_1_gr_13/lab_1_gr_13.xpr
WARNING: [Board 49-91] Board repository path 'Solhaug/AppData/Roaming/Xilinx/Vivado/Solhaug/AppData/Roaming/Xilinx/Vivado/Solhaug/AppData/Roaming/Xilinx/Vivado/Solhaug/AppData/Roaming/Xilinx/Vivado/Solhaug/AppData/Roaming/Xilinx/Vivado/2020.2/xhub/board_store/xilinx_board_store' does not exist, it will not be used to search board files.
INFO: [Project 1-313] Project file moved from 'C:/Users/sd/lab_1_gr_13' since last save.
CRITICAL WARNING: [Project 1-505] Unrecognized Option Name SimulatorVersionXsim
CRITICAL WARNING: [Project 1-505] Unrecognized Option Name SimulatorVersionModelSim
CRITICAL WARNING: [Project 1-505] Unrecognized Option Name SimulatorVersionQuesta
CRITICAL WARNING: [Project 1-505] Unrecognized Option Name SimulatorVersionXcelium
CRITICAL WARNING: [Project 1-505] Unrecognized Option Name SimulatorVersionVCS
CRITICAL WARNING: [Project 1-505] Unrecognized Option Name SimulatorVersionRiviera
CRITICAL WARNING: [Project 1-505] Unrecognized Option Name SimulatorVersionActiveHdl
CRITICAL WARNING: [Project 1-505] Unrecognized Option Name SimulatorGccVersionXsim
CRITICAL WARNING: [Project 1-505] Unrecognized Option Name SimulatorGccVersionModelSim
CRITICAL WARNING: [Project 1-505] Unrecognized Option Name SimulatorGccVersionQuesta
CRITICAL WARNING: [Project 1-505] Unrecognized Option Name SimulatorGccVersionXcelium
CRITICAL WARNING: [Project 1-505] Unrecognized Option Name SimulatorGccVersionVCS
CRITICAL WARNING: [Project 1-505] Unrecognized Option Name SimulatorGccVersionRiviera
CRITICAL WARNING: [Project 1-505] Unrecognized Option Name SimulatorGccVersionActiveHdl
WARNING: [filemgmt 56-2] Default IP Output Path : Could not find the directory 'D:/lab_1_gr_13/lab_1_gr_13.gen/sources_1', nor could it be found using path 'C:/Users/sd/lab_1_gr_13/lab_1_gr_13.gen/sources_1'.
CRITICAL WARNING: [Project 1-505] Unrecognized Option Name EnableResourceEstimation
CRITICAL WARNING: [Project 1-505] Unrecognized Option Name ClassicSocBoot
CRITICAL WARNING: [Project 1-505] Unrecognized Option Name LocalIPRepoLeafDirName
CRITICAL WARNING: [Project 1-311] Could not find the file 'D:/Downloads/lab0Files/lab0Files/control.vhd', nor could it be found using path 'C:/Users/sd/Downloads/lab0Files/lab0Files/control.vhd'.
CRITICAL WARNING: [Project 1-311] Could not find the file 'D:/Downloads/lab0Files/lab0Files/datapath.vhd', nor could it be found using path 'C:/Users/sd/Downloads/lab0Files/lab0Files/datapath.vhd'.
CRITICAL WARNING: [Project 1-311] Could not find the file 'D:/Downloads/lab0Files/lab0Files/circuito.vhd', nor could it be found using path 'C:/Users/sd/Downloads/lab0Files/lab0Files/circuito.vhd'.
Scanning sources...
Finished scanning sources
CRITICAL WARNING: [Project 1-192] Failed to load run synth_1. Strategy Vivado Synthesis Defaults (Vivado Synthesis 2022) not recognized by Vivado. 

CRITICAL WARNING: [Project 1-192] Failed to load run impl_1. Strategy Vivado Implementation Defaults (Vivado Implementation 2022) not recognized by Vivado. 

CRITICAL WARNING: [Board 49-67] The board_part definition was not found for digilentinc.com:basys3:part0:1.1. This can happen sometimes when you use custom board part. You can resolve this issue by setting 'board.repoPaths' parameter, pointing to the location of custom board files. Valid board_part values can be retrieved with the 'get_board_parts' Tcl command.
WARNING: [Project 1-231] Project 'lab_1_gr_13.xpr' was created with a future version and may or may not perform reliably with this version of Vivado. It has been opened in read-only mode for the protection of unrecognized data. Use 'File | Save Project As...' if you wish to alter a copy of the project.
INFO: [IP_Flow 19-234] Refreshing IP repositories
INFO: [IP_Flow 19-1704] No user IP repositories specified
INFO: [IP_Flow 19-2313] Loaded Vivado IP repository 'C:/Xilinx/Vivado/2020.2/data/ip'.
open_project: Time (s): cpu = 00:00:11 ; elapsed = 00:00:06 . Memory (MB): peak = 1109.680 ; gain = 0.000
update_compile_order -fileset sources_1
set_property top fpga_basicIO [current_fileset]
ERROR: [Project 1-228] Project 'lab_1_gr_13' is read-only. To save your work, please use the 'File | Save Project As...' command first.
save_project_as lab1 {C:/Users/Elias Solhaug/Documents/DDS1/lab0/lab1} -force
set_property top fpga_basicIO [current_fileset]
update_compile_order -fileset sources_1
